  VoteR2.cpp
c:\users\guocd_000\downloads\c++ stuff\voter2.0\voter2.0\voter2.cpp(534): warning C4244: 'argument': conversion from 'unsigned __int64' to 'unsigned long', possible loss of data
c:\users\guocd_000\downloads\c++ stuff\voter2.0\voter2.0\voter2.cpp(625): warning C4244: 'argument': conversion from 'unsigned __int64' to 'unsigned long', possible loss of data
c:\users\guocd_000\downloads\c++ stuff\voter2.0\voter2.0\voter2.cpp(634): warning C4244: 'argument': conversion from 'unsigned __int64' to 'unsigned long', possible loss of data
c:\users\guocd_000\downloads\c++ stuff\voter2.0\voter2.0\voter2.cpp(635): warning C4244: 'argument': conversion from 'unsigned __int64' to 'unsigned long', possible loss of data
c:\users\guocd_000\downloads\c++ stuff\voter2.0\voter2.0\voter2.cpp(638): warning C4244: 'argument': conversion from '__int64' to 'unsigned long', possible loss of data
c:\users\guocd_000\downloads\c++ stuff\voter2.0\voter2.0\voter2.cpp(641): warning C4244: 'argument': conversion from '__int64' to 'unsigned long', possible loss of data
c:\users\guocd_000\downloads\c++ stuff\voter2.0\voter2.0\voter2.cpp(654): warning C4244: 'argument': conversion from 'unsigned __int64' to 'unsigned long', possible loss of data
c:\users\guocd_000\downloads\c++ stuff\voter2.0\voter2.0\voter2.cpp(655): warning C4244: 'argument': conversion from 'unsigned __int64' to 'unsigned long', possible loss of data
c:\users\guocd_000\downloads\c++ stuff\voter2.0\voter2.0\voter2.cpp(662): warning C4244: 'argument': conversion from 'unsigned __int64' to 'unsigned long', possible loss of data
c:\users\guocd_000\downloads\c++ stuff\voter2.0\voter2.0\voter2.cpp(663): warning C4244: 'argument': conversion from 'unsigned __int64' to 'unsigned long', possible loss of data
c:\users\guocd_000\downloads\c++ stuff\voter2.0\voter2.0\search.h(19): warning C4244: 'argument': conversion from '__int64' to 'unsigned long', possible loss of data
  c:\users\guocd_000\downloads\c++ stuff\voter2.0\voter2.0\voter2.cpp(563): note: see reference to function template instantiation '__int64 binarySearch<NvraRecord>(const T &,const TemplatedArray<T> &,const Comparator<T> &)' being compiled
          with
          [
              T=NvraRecord
          ]
c:\users\guocd_000\downloads\c++ stuff\voter2.0\voter2.0\search.h(22): warning C4244: 'argument': conversion from '__int64' to 'unsigned long', possible loss of data
c:\users\guocd_000\downloads\c++ stuff\voter2.0\voter2.0\search.h(29): warning C4244: 'argument': conversion from '__int64' to 'unsigned long', possible loss of data
c:\users\guocd_000\downloads\c++ stuff\voter2.0\voter2.0\voter2.cpp(610): warning C4244: 'argument': conversion from 'unsigned __int64' to 'unsigned long', possible loss of data
  c:\users\guocd_000\downloads\c++ stuff\voter2.0\voter2.0\voter2.cpp(567): note: see reference to function template instantiation '__int64 linearSearch<NvraRecord>(const T &,const TemplatedArray<T> &,const Comparator<T> &)' being compiled
          with
          [
              T=NvraRecord
          ]
  VoteR2.0.vcxproj -> C:\Users\guocd_000\Downloads\C++ Stuff\VoteR2.0\Debug\VoteR2.0.exe
