  VoteR4.cpp
c:\users\guocd_000\downloads\c++ stuff\voter4.0\voter4.0\voter4.cpp(1038): warning C4244: 'argument': conversion from 'unsigned __int64' to 'unsigned long', possible loss of data
c:\users\guocd_000\downloads\c++ stuff\voter4.0\voter4.0\voter4.cpp(1129): warning C4244: 'argument': conversion from 'unsigned __int64' to 'unsigned long', possible loss of data
c:\users\guocd_000\downloads\c++ stuff\voter4.0\voter4.0\voter4.cpp(1138): warning C4244: 'argument': conversion from 'unsigned __int64' to 'unsigned long', possible loss of data
c:\users\guocd_000\downloads\c++ stuff\voter4.0\voter4.0\voter4.cpp(1139): warning C4244: 'argument': conversion from 'unsigned __int64' to 'unsigned long', possible loss of data
c:\users\guocd_000\downloads\c++ stuff\voter4.0\voter4.0\voter4.cpp(1142): warning C4244: 'argument': conversion from '__int64' to 'unsigned long', possible loss of data
c:\users\guocd_000\downloads\c++ stuff\voter4.0\voter4.0\voter4.cpp(1145): warning C4244: 'argument': conversion from '__int64' to 'unsigned long', possible loss of data
c:\users\guocd_000\downloads\c++ stuff\voter4.0\voter4.0\voter4.cpp(1158): warning C4244: 'argument': conversion from 'unsigned __int64' to 'unsigned long', possible loss of data
c:\users\guocd_000\downloads\c++ stuff\voter4.0\voter4.0\voter4.cpp(1159): warning C4244: 'argument': conversion from 'unsigned __int64' to 'unsigned long', possible loss of data
c:\users\guocd_000\downloads\c++ stuff\voter4.0\voter4.0\voter4.cpp(1166): warning C4244: 'argument': conversion from 'unsigned __int64' to 'unsigned long', possible loss of data
c:\users\guocd_000\downloads\c++ stuff\voter4.0\voter4.0\voter4.cpp(1167): warning C4244: 'argument': conversion from 'unsigned __int64' to 'unsigned long', possible loss of data
c:\users\guocd_000\downloads\c++ stuff\voter4.0\voter4.0\search.h(19): warning C4244: 'argument': conversion from '__int64' to 'unsigned long', possible loss of data
  c:\users\guocd_000\downloads\c++ stuff\voter4.0\voter4.0\voter4.cpp(1067): note: see reference to function template instantiation '__int64 binarySearch<NvraRecord>(const T &,const TemplatedArray<T> &,const Comparator<T> &)' being compiled
          with
          [
              T=NvraRecord
          ]
c:\users\guocd_000\downloads\c++ stuff\voter4.0\voter4.0\search.h(22): warning C4244: 'argument': conversion from '__int64' to 'unsigned long', possible loss of data
c:\users\guocd_000\downloads\c++ stuff\voter4.0\voter4.0\search.h(29): warning C4244: 'argument': conversion from '__int64' to 'unsigned long', possible loss of data
c:\users\guocd_000\downloads\c++ stuff\voter4.0\voter4.0\voter4.cpp(1114): warning C4244: 'argument': conversion from 'unsigned __int64' to 'unsigned long', possible loss of data
  c:\users\guocd_000\downloads\c++ stuff\voter4.0\voter4.0\voter4.cpp(1071): note: see reference to function template instantiation '__int64 linearSearch<NvraRecord>(const T &,const TemplatedArray<T> &,const Comparator<T> &)' being compiled
          with
          [
              T=NvraRecord
          ]
  VoteR4.0.vcxproj -> C:\Users\guocd_000\Downloads\C++ Stuff\VoteR4.0\Debug\VoteR4.0.exe
